  [1m[35m (5.5ms)[0m  [1m[35mDROP DATABASE IF EXISTS "public-art_development"[0m
  [1m[35m (0.1ms)[0m  [1m[35mDROP DATABASE IF EXISTS "public-art_test"[0m
  [1m[35m (17.3ms)[0m  [1m[35mCREATE TABLE "schema_migrations" ("version" character varying PRIMARY KEY)[0m
  [1m[35m (20.0ms)[0m  [1m[35mCREATE TABLE "ar_internal_metadata" ("key" character varying PRIMARY KEY, "value" character varying, "created_at" timestamp NOT NULL, "updated_at" timestamp NOT NULL)[0m
  [1m[35m (0.5ms)[0m  [1m[34mSELECT pg_try_advisory_lock(6842363107111561470);[0m
  [1m[36mActiveRecord::SchemaMigration Load (0.4ms)[0m  [1m[34mSELECT "schema_migrations".* FROM "schema_migrations"[0m
Migrating to DeviseCreateUsers (20170301222957)
  [1m[35m (0.1ms)[0m  [1m[35mBEGIN[0m
  [1m[35m (15.7ms)[0m  [1m[35mCREATE TABLE "users" ("id" serial primary key, "email" character varying DEFAULT '' NOT NULL, "encrypted_password" character varying DEFAULT '' NOT NULL, "reset_password_token" character varying, "reset_password_sent_at" timestamp, "remember_created_at" timestamp, "sign_in_count" integer DEFAULT 0 NOT NULL, "current_sign_in_at" timestamp, "last_sign_in_at" timestamp, "current_sign_in_ip" inet, "last_sign_in_ip" inet, "created_at" timestamp NOT NULL, "updated_at" timestamp NOT NULL)[0m
  [1m[35m (6.7ms)[0m  [1m[35mCREATE UNIQUE INDEX  "index_users_on_email" ON "users"  ("email")[0m
  [1m[35m (0.9ms)[0m  [1m[35mCREATE UNIQUE INDEX  "index_users_on_reset_password_token" ON "users"  ("reset_password_token")[0m
  [1m[35mSQL (0.5ms)[0m  [1m[32mINSERT INTO "schema_migrations" ("version") VALUES ($1) RETURNING "version"[0m  [["version", "20170301222957"]]
  [1m[35m (0.4ms)[0m  [1m[35mCOMMIT[0m
Migrating to CreateLocations (20170301225833)
  [1m[35m (0.2ms)[0m  [1m[35mBEGIN[0m
  [1m[35m (2.6ms)[0m  [1m[35mCREATE TABLE "locations" ("id" serial primary key, "title" text, "description" text, "address" text, "created_at" timestamp NOT NULL, "updated_at" timestamp NOT NULL)[0m
  [1m[35mSQL (0.4ms)[0m  [1m[32mINSERT INTO "schema_migrations" ("version") VALUES ($1) RETURNING "version"[0m  [["version", "20170301225833"]]
  [1m[35m (0.4ms)[0m  [1m[35mCOMMIT[0m
  [1m[36mActiveRecord::InternalMetadata Load (0.2ms)[0m  [1m[34mSELECT  "ar_internal_metadata".* FROM "ar_internal_metadata" WHERE "ar_internal_metadata"."key" = $1 LIMIT $2[0m  [["key", :environment], ["LIMIT", 1]]
  [1m[35m (0.1ms)[0m  [1m[35mBEGIN[0m
  [1m[35mSQL (0.3ms)[0m  [1m[32mINSERT INTO "ar_internal_metadata" ("key", "value", "created_at", "updated_at") VALUES ($1, $2, $3, $4) RETURNING "key"[0m  [["key", "environment"], ["value", "development"], ["created_at", 2017-03-29 15:31:52 UTC], ["updated_at", 2017-03-29 15:31:52 UTC]]
  [1m[35m (0.4ms)[0m  [1m[35mCOMMIT[0m
  [1m[35m (0.2ms)[0m  [1m[34mSELECT pg_advisory_unlock(6842363107111561470)[0m
  [1m[36mActiveRecord::SchemaMigration Load (0.2ms)[0m  [1m[34mSELECT "schema_migrations".* FROM "schema_migrations"[0m
  [1m[36mActiveRecord::SchemaMigration Load (0.6ms)[0m  [1m[34mSELECT "schema_migrations".* FROM "schema_migrations"[0m
Started GET "/" for ::1 at 2017-03-29 10:32:17 -0500
  [1m[36mActiveRecord::SchemaMigration Load (0.9ms)[0m  [1m[34mSELECT "schema_migrations".* FROM "schema_migrations"[0m
Processing by LocationsController#index as HTML
Completed 401 Unauthorized in 19ms (ActiveRecord: 0.0ms)


Started GET "/users/sign_in" for ::1 at 2017-03-29 10:32:17 -0500
Processing by Devise::SessionsController#new as HTML
  Rendering devise/sessions/new.html.erb within layouts/application
  Rendered /Users/hyojin/.rbenv/versions/2.4.0/lib/ruby/gems/2.4.0/gems/devise-4.2.0/app/views/devise/shared/_links.html.erb (1.5ms)
  Rendered devise/sessions/new.html.erb within layouts/application (25.6ms)
  Rendered layouts/_header.html.erb (1.0ms)
Completed 200 OK in 891ms (Views: 871.9ms | ActiveRecord: 4.4ms)


Started GET "/users/sign_up" for ::1 at 2017-03-29 10:32:31 -0500
Processing by Devise::RegistrationsController#new as HTML
  Rendering devise/registrations/new.html.erb within layouts/application
  Rendered /Users/hyojin/.rbenv/versions/2.4.0/lib/ruby/gems/2.4.0/gems/devise-4.2.0/app/views/devise/shared/_links.html.erb (0.8ms)
  Rendered devise/registrations/new.html.erb within layouts/application (6.2ms)
  Rendered layouts/_header.html.erb (0.9ms)
Completed 200 OK in 31ms (Views: 29.9ms | ActiveRecord: 0.0ms)


Started POST "/users" for ::1 at 2017-03-29 10:32:40 -0500
Processing by Devise::RegistrationsController#create as HTML
  Parameters: {"utf8"=>"✓", "authenticity_token"=>"8gLXH4Cj1cuzRwQnSadltycHafG7/cGlK6LZKFBrX59Tf8ZMuYYarVD2S5rP5ZjFmeSdEMRBizO4BMDX53fvaw==", "user"=>{"email"=>"jin@gmail.com", "password"=>"[FILTERED]", "password_confirmation"=>"[FILTERED]"}, "commit"=>"Sign Up"}
  [1m[35m (0.2ms)[0m  [1m[35mBEGIN[0m
  [1m[36mUser Exists (1.1ms)[0m  [1m[34mSELECT  1 AS one FROM "users" WHERE "users"."email" = $1 LIMIT $2[0m  [["email", "jin@gmail.com"], ["LIMIT", 1]]
  [1m[35mSQL (0.8ms)[0m  [1m[32mINSERT INTO "users" ("email", "encrypted_password", "created_at", "updated_at") VALUES ($1, $2, $3, $4) RETURNING "id"[0m  [["email", "jin@gmail.com"], ["encrypted_password", "$2a$11$7AxVojplS5tvvEVbj9ck7.LSJR.2S10C1Cw2puXd/mNX05LznsKZa"], ["created_at", 2017-03-29 15:32:40 UTC], ["updated_at", 2017-03-29 15:32:40 UTC]]
  [1m[35m (5.8ms)[0m  [1m[35mCOMMIT[0m
  [1m[35m (0.2ms)[0m  [1m[35mBEGIN[0m
  [1m[35mSQL (0.4ms)[0m  [1m[33mUPDATE "users" SET "sign_in_count" = $1, "current_sign_in_at" = $2, "last_sign_in_at" = $3, "current_sign_in_ip" = $4, "last_sign_in_ip" = $5, "updated_at" = $6 WHERE "users"."id" = $7[0m  [["sign_in_count", 1], ["current_sign_in_at", 2017-03-29 15:32:40 UTC], ["last_sign_in_at", 2017-03-29 15:32:40 UTC], ["current_sign_in_ip", "::1/128"], ["last_sign_in_ip", "::1/128"], ["updated_at", 2017-03-29 15:32:40 UTC], ["id", 1]]
  [1m[35m (6.0ms)[0m  [1m[35mCOMMIT[0m
Redirected to http://localhost:3000/
Completed 302 Found in 176ms (ActiveRecord: 14.5ms)


Started GET "/" for ::1 at 2017-03-29 10:32:40 -0500
Processing by LocationsController#index as HTML
  [1m[36mUser Load (1.3ms)[0m  [1m[34mSELECT  "users".* FROM "users" WHERE "users"."id" = $1 ORDER BY "users"."id" ASC LIMIT $2[0m  [["id", 1], ["LIMIT", 1]]
  Rendering locations/index.html.erb within layouts/application
  [1m[36mLocation Load (0.5ms)[0m  [1m[34mSELECT "locations".* FROM "locations"[0m
  Rendered locations/index.html.erb within layouts/application (2.9ms)
  Rendered layouts/_header.html.erb (0.6ms)
Completed 200 OK in 32ms (Views: 21.6ms | ActiveRecord: 2.6ms)


Started GET "/locations/new" for ::1 at 2017-03-29 10:32:42 -0500
Processing by LocationsController#new as HTML
  [1m[36mUser Load (0.7ms)[0m  [1m[34mSELECT  "users".* FROM "users" WHERE "users"."id" = $1 ORDER BY "users"."id" ASC LIMIT $2[0m  [["id", 1], ["LIMIT", 1]]
  Rendering locations/new.html.erb within layouts/application
  Rendered locations/_form.html.erb (4.6ms)
  Rendered locations/new.html.erb within layouts/application (6.6ms)
  Rendered layouts/_header.html.erb (0.6ms)
Completed 200 OK in 53ms (Views: 42.0ms | ActiveRecord: 3.4ms)


Started POST "/locations" for ::1 at 2017-03-29 10:33:33 -0500
Processing by LocationsController#create as HTML
  Parameters: {"utf8"=>"✓", "authenticity_token"=>"qyfE6QQRsOGBR8AW+JSdCuwoseD5wVD1cmjhGqwIb0AKWtW6PTR/h2L2j6t+1mB4UstFAYZ9GmPhzvjlGxTftA==", "location"=>{"title"=>"Bean", "address"=>"Millennium park, chicago", "description"=>"it's actually called 'cloud gate'"}, "commit"=>"Create Location"}
  [1m[36mUser Load (0.4ms)[0m  [1m[34mSELECT  "users".* FROM "users" WHERE "users"."id" = $1 ORDER BY "users"."id" ASC LIMIT $2[0m  [["id", 1], ["LIMIT", 1]]
  [1m[35m (0.2ms)[0m  [1m[35mBEGIN[0m
  [1m[35mSQL (0.9ms)[0m  [1m[32mINSERT INTO "locations" ("title", "description", "address", "created_at", "updated_at") VALUES ($1, $2, $3, $4, $5) RETURNING "id"[0m  [["title", "Bean"], ["description", "it's actually called 'cloud gate'"], ["address", "Millennium park, chicago"], ["created_at", 2017-03-29 15:33:33 UTC], ["updated_at", 2017-03-29 15:33:33 UTC]]
  [1m[35m (5.6ms)[0m  [1m[35mCOMMIT[0m
Redirected to http://localhost:3000/locations/1
Completed 302 Found in 12ms (ActiveRecord: 7.2ms)


Started GET "/locations/1" for ::1 at 2017-03-29 10:33:33 -0500
Processing by LocationsController#show as HTML
  Parameters: {"id"=>"1"}
  [1m[36mUser Load (0.6ms)[0m  [1m[34mSELECT  "users".* FROM "users" WHERE "users"."id" = $1 ORDER BY "users"."id" ASC LIMIT $2[0m  [["id", 1], ["LIMIT", 1]]
  [1m[36mLocation Load (0.6ms)[0m  [1m[34mSELECT  "locations".* FROM "locations" WHERE "locations"."id" = $1 LIMIT $2[0m  [["id", 1], ["LIMIT", 1]]
  Rendering locations/show.html.erb within layouts/application
  Rendered locations/show.html.erb within layouts/application (0.8ms)
  Rendered layouts/_header.html.erb (0.7ms)
Completed 200 OK in 33ms (Views: 22.1ms | ActiveRecord: 1.5ms)


Started GET "/locations/1" for ::1 at 2017-03-29 10:41:01 -0500
Processing by LocationsController#show as HTML
  Parameters: {"id"=>"1"}
  [1m[36mUser Load (0.3ms)[0m  [1m[34mSELECT  "users".* FROM "users" WHERE "users"."id" = $1 ORDER BY "users"."id" ASC LIMIT $2[0m  [["id", 1], ["LIMIT", 1]]
  [1m[36mLocation Load (0.2ms)[0m  [1m[34mSELECT  "locations".* FROM "locations" WHERE "locations"."id" = $1 LIMIT $2[0m  [["id", 1], ["LIMIT", 1]]
  Rendering locations/show.html.erb within layouts/application
  Rendered locations/show.html.erb within layouts/application (1.0ms)
  Rendered layouts/_header.html.erb (0.7ms)
Completed 200 OK in 22ms (Views: 18.2ms | ActiveRecord: 0.7ms)


Started GET "/locations/1" for ::1 at 2017-03-29 10:44:21 -0500
Processing by LocationsController#show as HTML
  Parameters: {"id"=>"1"}
  [1m[36mUser Load (0.4ms)[0m  [1m[34mSELECT  "users".* FROM "users" WHERE "users"."id" = $1 ORDER BY "users"."id" ASC LIMIT $2[0m  [["id", 1], ["LIMIT", 1]]
  [1m[36mLocation Load (0.2ms)[0m  [1m[34mSELECT  "locations".* FROM "locations" WHERE "locations"."id" = $1 LIMIT $2[0m  [["id", 1], ["LIMIT", 1]]
  Rendering locations/show.html.erb within layouts/application
  Rendered locations/_google_map.html.erb (0.2ms)
  Rendered locations/show.html.erb within layouts/application (2.2ms)
  Rendered layouts/_header.html.erb (0.7ms)
Completed 200 OK in 23ms (Views: 19.7ms | ActiveRecord: 0.6ms)


Started GET "/locations/1" for ::1 at 2017-03-29 10:52:18 -0500
  [1m[36mActiveRecord::SchemaMigration Load (0.5ms)[0m  [1m[34mSELECT "schema_migrations".* FROM "schema_migrations"[0m
Processing by LocationsController#show as HTML
  Parameters: {"id"=>"1"}
  [1m[36mUser Load (0.6ms)[0m  [1m[34mSELECT  "users".* FROM "users" WHERE "users"."id" = $1 ORDER BY "users"."id" ASC LIMIT $2[0m  [["id", 1], ["LIMIT", 1]]
  [1m[36mLocation Load (0.3ms)[0m  [1m[34mSELECT  "locations".* FROM "locations" WHERE "locations"."id" = $1 LIMIT $2[0m  [["id", 1], ["LIMIT", 1]]
  Rendering locations/show.html.erb within layouts/application
  Rendered locations/_google_map.html.erb (1.7ms)
  Rendered locations/show.html.erb within layouts/application (7.4ms)
  Rendered layouts/_header.html.erb (0.7ms)
Completed 200 OK in 281ms (Views: 235.5ms | ActiveRecord: 6.2ms)


Started GET "/locations/" for ::1 at 2017-03-29 11:08:23 -0500
  [1m[36mActiveRecord::SchemaMigration Load (0.6ms)[0m  [1m[34mSELECT "schema_migrations".* FROM "schema_migrations"[0m
Processing by LocationsController#index as HTML
  [1m[36mUser Load (0.7ms)[0m  [1m[34mSELECT  "users".* FROM "users" WHERE "users"."id" = $1 ORDER BY "users"."id" ASC LIMIT $2[0m  [["id", 1], ["LIMIT", 1]]
  Rendering locations/index.html.erb within layouts/application
  [1m[36mLocation Load (0.5ms)[0m  [1m[34mSELECT "locations".* FROM "locations"[0m
  Rendered locations/index.html.erb within layouts/application (11.8ms)
  Rendered layouts/_header.html.erb (0.6ms)
Completed 200 OK in 254ms (Views: 213.8ms | ActiveRecord: 7.0ms)


Started GET "/locations/1" for ::1 at 2017-03-29 11:08:26 -0500
Processing by LocationsController#show as HTML
  Parameters: {"id"=>"1"}
  [1m[36mUser Load (0.4ms)[0m  [1m[34mSELECT  "users".* FROM "users" WHERE "users"."id" = $1 ORDER BY "users"."id" ASC LIMIT $2[0m  [["id", 1], ["LIMIT", 1]]
  [1m[36mLocation Load (0.2ms)[0m  [1m[34mSELECT  "locations".* FROM "locations" WHERE "locations"."id" = $1 LIMIT $2[0m  [["id", 1], ["LIMIT", 1]]
  Rendering locations/show.html.erb within layouts/application
  Rendered locations/_google_map.html.erb (0.3ms)
  Rendered locations/show.html.erb within layouts/application (2.2ms)
  Rendered layouts/_header.html.erb (0.6ms)
Completed 200 OK in 27ms (Views: 20.5ms | ActiveRecord: 0.8ms)


Started GET "/locations/" for ::1 at 2017-03-29 11:13:29 -0500
  [1m[36mActiveRecord::SchemaMigration Load (0.4ms)[0m  [1m[34mSELECT "schema_migrations".* FROM "schema_migrations"[0m
Processing by LocationsController#index as HTML
  [1m[36mUser Load (0.6ms)[0m  [1m[34mSELECT  "users".* FROM "users" WHERE "users"."id" = $1 ORDER BY "users"."id" ASC LIMIT $2[0m  [["id", 1], ["LIMIT", 1]]
  Rendering locations/index.html.erb within layouts/application
  [1m[36mLocation Load (0.5ms)[0m  [1m[34mSELECT "locations".* FROM "locations"[0m
  Rendered locations/index.html.erb within layouts/application (14.4ms)
  Rendered layouts/_header.html.erb (0.6ms)
Completed 200 OK in 258ms (Views: 218.6ms | ActiveRecord: 7.3ms)


Started GET "/locations/new" for ::1 at 2017-03-29 11:13:37 -0500
Processing by LocationsController#new as HTML
  [1m[36mUser Load (0.5ms)[0m  [1m[34mSELECT  "users".* FROM "users" WHERE "users"."id" = $1 ORDER BY "users"."id" ASC LIMIT $2[0m  [["id", 1], ["LIMIT", 1]]
  Rendering locations/new.html.erb within layouts/application
  Rendered locations/_form.html.erb (15.1ms)
  Rendered locations/new.html.erb within layouts/application (16.7ms)
  Rendered layouts/_header.html.erb (0.6ms)
Completed 200 OK in 40ms (Views: 36.1ms | ActiveRecord: 0.5ms)


Started POST "/locations" for ::1 at 2017-03-29 11:13:58 -0500
Processing by LocationsController#create as HTML
  Parameters: {"utf8"=>"✓", "authenticity_token"=>"j2pL1Ir5hsgLuIM5CFHn6Nq80tWF3TOJfgYwp5lX9ycuF1qHs9xJrugJzISOExqaZF8mNPpheR/toClYLktH0w==", "location"=>{"title"=>"Chinatown", "address"=>"chinatown, chicago", "description"=>"lots of food!"}, "commit"=>"Create Location"}
  [1m[36mUser Load (0.4ms)[0m  [1m[34mSELECT  "users".* FROM "users" WHERE "users"."id" = $1 ORDER BY "users"."id" ASC LIMIT $2[0m  [["id", 1], ["LIMIT", 1]]
  [1m[35m (0.1ms)[0m  [1m[35mBEGIN[0m
  [1m[35mSQL (0.6ms)[0m  [1m[32mINSERT INTO "locations" ("title", "description", "address", "created_at", "updated_at") VALUES ($1, $2, $3, $4, $5) RETURNING "id"[0m  [["title", "Chinatown"], ["description", "lots of food!"], ["address", "chinatown, chicago"], ["created_at", 2017-03-29 16:14:00 UTC], ["updated_at", 2017-03-29 16:14:00 UTC]]
  [1m[35m (6.4ms)[0m  [1m[35mCOMMIT[0m
Redirected to http://localhost:3000/locations/2
Completed 302 Found in 1736ms (ActiveRecord: 7.6ms)


Started GET "/locations/2" for ::1 at 2017-03-29 11:14:00 -0500
Processing by LocationsController#show as HTML
  Parameters: {"id"=>"2"}
  [1m[36mUser Load (0.4ms)[0m  [1m[34mSELECT  "users".* FROM "users" WHERE "users"."id" = $1 ORDER BY "users"."id" ASC LIMIT $2[0m  [["id", 1], ["LIMIT", 1]]
  [1m[36mLocation Load (0.2ms)[0m  [1m[34mSELECT  "locations".* FROM "locations" WHERE "locations"."id" = $1 LIMIT $2[0m  [["id", 2], ["LIMIT", 1]]
  Rendering locations/show.html.erb within layouts/application
  Rendered locations/_google_map.html.erb (0.5ms)
  Rendered locations/show.html.erb within layouts/application (2.7ms)
  Rendered layouts/_header.html.erb (0.7ms)
Completed 200 OK in 29ms (Views: 22.6ms | ActiveRecord: 1.0ms)


  [1m[35m (0.2ms)[0m  [1m[34mSELECT pg_try_advisory_lock(6842363107111561470);[0m
  [1m[36mActiveRecord::SchemaMigration Load (0.4ms)[0m  [1m[34mSELECT "schema_migrations".* FROM "schema_migrations"[0m
Migrating to AddLatitudeAndLongitudeToLocations (20170329161718)
  [1m[35m (0.1ms)[0m  [1m[35mBEGIN[0m
  [1m[35m (7.7ms)[0m  [1m[35mALTER TABLE "locations" ADD "latitude" float[0m
  [1m[35m (0.4ms)[0m  [1m[35mALTER TABLE "locations" ADD "longitude" float[0m
  [1m[35mSQL (0.4ms)[0m  [1m[32mINSERT INTO "schema_migrations" ("version") VALUES ($1) RETURNING "version"[0m  [["version", "20170329161718"]]
  [1m[35m (0.5ms)[0m  [1m[35mCOMMIT[0m
  [1m[36mActiveRecord::InternalMetadata Load (0.4ms)[0m  [1m[34mSELECT  "ar_internal_metadata".* FROM "ar_internal_metadata" WHERE "ar_internal_metadata"."key" = $1 LIMIT $2[0m  [["key", :environment], ["LIMIT", 1]]
  [1m[35m (0.1ms)[0m  [1m[35mBEGIN[0m
  [1m[35m (0.1ms)[0m  [1m[35mCOMMIT[0m
  [1m[35m (0.2ms)[0m  [1m[34mSELECT pg_advisory_unlock(6842363107111561470)[0m
  [1m[36mActiveRecord::SchemaMigration Load (0.2ms)[0m  [1m[34mSELECT "schema_migrations".* FROM "schema_migrations"[0m
Started GET "/locations/2" for ::1 at 2017-03-29 11:18:16 -0500
  [1m[36mActiveRecord::SchemaMigration Load (0.5ms)[0m  [1m[34mSELECT "schema_migrations".* FROM "schema_migrations"[0m
Processing by LocationsController#show as HTML
  Parameters: {"id"=>"2"}
  [1m[36mUser Load (0.7ms)[0m  [1m[34mSELECT  "users".* FROM "users" WHERE "users"."id" = $1 ORDER BY "users"."id" ASC LIMIT $2[0m  [["id", 1], ["LIMIT", 1]]
  [1m[36mLocation Load (0.4ms)[0m  [1m[34mSELECT  "locations".* FROM "locations" WHERE "locations"."id" = $1 LIMIT $2[0m  [["id", 2], ["LIMIT", 1]]
  Rendering locations/show.html.erb within layouts/application
  Rendered locations/_google_map.html.erb (0.5ms)
  Rendered locations/show.html.erb within layouts/application (6.4ms)
  Rendered layouts/_header.html.erb (0.8ms)
Completed 200 OK in 261ms (Views: 209.0ms | ActiveRecord: 8.3ms)


Started GET "/" for ::1 at 2017-03-29 15:57:50 -0500
  [1m[36mActiveRecord::SchemaMigration Load (0.4ms)[0m  [1m[34mSELECT "schema_migrations".* FROM "schema_migrations"[0m
Processing by LocationsController#index as HTML
Started GET "/" for ::1 at 2017-03-29 15:57:50 -0500
  [1m[36mUser Load (1.1ms)[0m  [1m[34mSELECT  "users".* FROM "users" WHERE "users"."id" = $1 ORDER BY "users"."id" ASC LIMIT $2[0m  [["id", 1], ["LIMIT", 1]]
Processing by LocationsController#index as HTML
  [1m[36mUser Load (1.0ms)[0m  [1m[34mSELECT  "users".* FROM "users" WHERE "users"."id" = $1 ORDER BY "users"."id" ASC LIMIT $2[0m  [["id", 1], ["LIMIT", 1]]
  Rendering locations/index.html.erb within layouts/application
  Rendering locations/index.html.erb within layouts/application
  [1m[36mLocation Load (0.9ms)[0m  [1m[34mSELECT "locations".* FROM "locations"[0m
  [1m[36mLocation Load (0.6ms)[0m  [1m[34mSELECT "locations".* FROM "locations"[0m
  Rendered locations/index.html.erb within layouts/application (17.7ms)
  Rendered locations/index.html.erb within layouts/application (22.0ms)
  Rendered layouts/_header.html.erb (1.1ms)
Completed 200 OK in 455ms (Views: 379.4ms | ActiveRecord: 10.6ms)


  Rendered layouts/_header.html.erb (0.2ms)
Completed 200 OK in 418ms (Views: 377.9ms | ActiveRecord: 18.4ms)


Started GET "/locations/1" for ::1 at 2017-03-29 15:57:54 -0500
Processing by LocationsController#show as HTML
  Parameters: {"id"=>"1"}
  [1m[36mUser Load (0.4ms)[0m  [1m[34mSELECT  "users".* FROM "users" WHERE "users"."id" = $1 ORDER BY "users"."id" ASC LIMIT $2[0m  [["id", 1], ["LIMIT", 1]]
  [1m[36mLocation Load (0.2ms)[0m  [1m[34mSELECT  "locations".* FROM "locations" WHERE "locations"."id" = $1 LIMIT $2[0m  [["id", 1], ["LIMIT", 1]]
  Rendering locations/show.html.erb within layouts/application
  Rendered locations/_google_map.html.erb (0.5ms)
  Rendered locations/show.html.erb within layouts/application (3.2ms)
  Rendered layouts/_header.html.erb (0.7ms)
Completed 200 OK in 30ms (Views: 23.7ms | ActiveRecord: 0.8ms)


Started GET "/locations/1" for ::1 at 2017-03-29 15:59:09 -0500
Processing by LocationsController#show as HTML
  Parameters: {"id"=>"1"}
  [1m[36mUser Load (0.3ms)[0m  [1m[34mSELECT  "users".* FROM "users" WHERE "users"."id" = $1 ORDER BY "users"."id" ASC LIMIT $2[0m  [["id", 1], ["LIMIT", 1]]
  [1m[36mLocation Load (0.1ms)[0m  [1m[34mSELECT  "locations".* FROM "locations" WHERE "locations"."id" = $1 LIMIT $2[0m  [["id", 1], ["LIMIT", 1]]
  Rendering locations/show.html.erb within layouts/application
  Rendered locations/_google_map.html.erb (0.5ms)
  Rendered locations/show.html.erb within layouts/application (2.8ms)
  Rendered layouts/_header.html.erb (0.6ms)
Completed 200 OK in 25ms (Views: 21.3ms | ActiveRecord: 0.6ms)


Started GET "/locations/1" for ::1 at 2017-03-29 15:59:12 -0500
Processing by LocationsController#show as HTML
  Parameters: {"id"=>"1"}
  [1m[36mUser Load (0.4ms)[0m  [1m[34mSELECT  "users".* FROM "users" WHERE "users"."id" = $1 ORDER BY "users"."id" ASC LIMIT $2[0m  [["id", 1], ["LIMIT", 1]]
  [1m[36mLocation Load (0.2ms)[0m  [1m[34mSELECT  "locations".* FROM "locations" WHERE "locations"."id" = $1 LIMIT $2[0m  [["id", 1], ["LIMIT", 1]]
  Rendering locations/show.html.erb within layouts/application
  Rendered locations/_google_map.html.erb (0.3ms)
  Rendered locations/show.html.erb within layouts/application (2.1ms)
  Rendered layouts/_header.html.erb (0.5ms)
Completed 200 OK in 23ms (Views: 19.2ms | ActiveRecord: 0.6ms)


Started GET "/locations" for ::1 at 2017-03-29 15:59:18 -0500
Processing by LocationsController#index as HTML
  [1m[36mUser Load (0.4ms)[0m  [1m[34mSELECT  "users".* FROM "users" WHERE "users"."id" = $1 ORDER BY "users"."id" ASC LIMIT $2[0m  [["id", 1], ["LIMIT", 1]]
  Rendering locations/index.html.erb within layouts/application
  [1m[36mLocation Load (0.2ms)[0m  [1m[34mSELECT "locations".* FROM "locations"[0m
  Rendered locations/index.html.erb within layouts/application (1.7ms)
  Rendered layouts/_header.html.erb (0.7ms)
Completed 200 OK in 24ms (Views: 20.7ms | ActiveRecord: 0.6ms)


Started GET "/locations/1" for ::1 at 2017-03-29 15:59:19 -0500
Processing by LocationsController#show as HTML
  Parameters: {"id"=>"1"}
  [1m[36mUser Load (0.4ms)[0m  [1m[34mSELECT  "users".* FROM "users" WHERE "users"."id" = $1 ORDER BY "users"."id" ASC LIMIT $2[0m  [["id", 1], ["LIMIT", 1]]
  [1m[36mLocation Load (0.4ms)[0m  [1m[34mSELECT  "locations".* FROM "locations" WHERE "locations"."id" = $1 LIMIT $2[0m  [["id", 1], ["LIMIT", 1]]
  Rendering locations/show.html.erb within layouts/application
  Rendered locations/_google_map.html.erb (0.5ms)
  Rendered locations/show.html.erb within layouts/application (2.9ms)
  Rendered layouts/_header.html.erb (0.6ms)
Completed 200 OK in 25ms (Views: 20.9ms | ActiveRecord: 0.8ms)


Started GET "/locations/1" for ::1 at 2017-03-29 15:59:32 -0500
  [1m[36mActiveRecord::SchemaMigration Load (0.5ms)[0m  [1m[34mSELECT "schema_migrations".* FROM "schema_migrations"[0m
Processing by LocationsController#show as HTML
  Parameters: {"id"=>"1"}
  [1m[36mUser Load (1.2ms)[0m  [1m[34mSELECT  "users".* FROM "users" WHERE "users"."id" = $1 ORDER BY "users"."id" ASC LIMIT $2[0m  [["id", 1], ["LIMIT", 1]]
  [1m[36mLocation Load (0.3ms)[0m  [1m[34mSELECT  "locations".* FROM "locations" WHERE "locations"."id" = $1 LIMIT $2[0m  [["id", 1], ["LIMIT", 1]]
  Rendering locations/show.html.erb within layouts/application
  Rendered locations/_google_map.html.erb (0.4ms)
  Rendered locations/show.html.erb within layouts/application (7.2ms)
  Rendered layouts/_header.html.erb (0.6ms)
Completed 200 OK in 301ms (Views: 237.1ms | ActiveRecord: 8.1ms)


Started GET "/locations/1" for ::1 at 2017-03-29 15:59:36 -0500
Processing by LocationsController#show as HTML
  Parameters: {"id"=>"1"}
  [1m[36mUser Load (0.3ms)[0m  [1m[34mSELECT  "users".* FROM "users" WHERE "users"."id" = $1 ORDER BY "users"."id" ASC LIMIT $2[0m  [["id", 1], ["LIMIT", 1]]
  [1m[36mLocation Load (0.1ms)[0m  [1m[34mSELECT  "locations".* FROM "locations" WHERE "locations"."id" = $1 LIMIT $2[0m  [["id", 1], ["LIMIT", 1]]
  Rendering locations/show.html.erb within layouts/application
  Rendered locations/_google_map.html.erb (0.3ms)
  Rendered locations/show.html.erb within layouts/application (2.1ms)
  Rendered layouts/_header.html.erb (0.7ms)
Completed 200 OK in 23ms (Views: 19.7ms | ActiveRecord: 0.5ms)


Started GET "/locations/1" for ::1 at 2017-03-29 16:00:15 -0500
Processing by LocationsController#show as HTML
  Parameters: {"id"=>"1"}
  [1m[36mUser Load (0.5ms)[0m  [1m[34mSELECT  "users".* FROM "users" WHERE "users"."id" = $1 ORDER BY "users"."id" ASC LIMIT $2[0m  [["id", 1], ["LIMIT", 1]]
  [1m[36mLocation Load (0.3ms)[0m  [1m[34mSELECT  "locations".* FROM "locations" WHERE "locations"."id" = $1 LIMIT $2[0m  [["id", 1], ["LIMIT", 1]]
  Rendering locations/show.html.erb within layouts/application
  Rendered locations/_google_map.html.erb (0.3ms)
  Rendered locations/show.html.erb within layouts/application (2.2ms)
  Rendered layouts/_header.html.erb (0.6ms)
Completed 200 OK in 25ms (Views: 20.3ms | ActiveRecord: 0.8ms)


Started GET "/locations/1" for ::1 at 2017-03-29 16:00:26 -0500
  [1m[36mActiveRecord::SchemaMigration Load (0.5ms)[0m  [1m[34mSELECT "schema_migrations".* FROM "schema_migrations"[0m
Processing by LocationsController#show as HTML
  Parameters: {"id"=>"1"}
  [1m[36mUser Load (0.9ms)[0m  [1m[34mSELECT  "users".* FROM "users" WHERE "users"."id" = $1 ORDER BY "users"."id" ASC LIMIT $2[0m  [["id", 1], ["LIMIT", 1]]
  [1m[36mLocation Load (0.4ms)[0m  [1m[34mSELECT  "locations".* FROM "locations" WHERE "locations"."id" = $1 LIMIT $2[0m  [["id", 1], ["LIMIT", 1]]
  Rendering locations/show.html.erb within layouts/application
  Rendered locations/_google_map.html.erb (0.4ms)
  Rendered locations/show.html.erb within layouts/application (6.9ms)
  Rendered layouts/_header.html.erb (0.6ms)
Completed 200 OK in 275ms (Views: 224.2ms | ActiveRecord: 7.6ms)


Started GET "/locations/1" for ::1 at 2017-03-29 16:07:53 -0500
Processing by LocationsController#show as HTML
  Parameters: {"id"=>"1"}
  [1m[36mUser Load (0.4ms)[0m  [1m[34mSELECT  "users".* FROM "users" WHERE "users"."id" = $1 ORDER BY "users"."id" ASC LIMIT $2[0m  [["id", 1], ["LIMIT", 1]]
  [1m[36mLocation Load (0.2ms)[0m  [1m[34mSELECT  "locations".* FROM "locations" WHERE "locations"."id" = $1 LIMIT $2[0m  [["id", 1], ["LIMIT", 1]]
  Rendering locations/show.html.erb within layouts/application
  Rendered locations/_google_map.html.erb (0.3ms)
  Rendered locations/show.html.erb within layouts/application (2.3ms)
  Rendered layouts/_header.html.erb (0.7ms)
Completed 200 OK in 25ms (Views: 20.5ms | ActiveRecord: 0.6ms)


Started GET "/" for ::1 at 2017-03-29 16:10:42 -0500
Processing by LocationsController#index as HTML
  [1m[36mUser Load (0.4ms)[0m  [1m[34mSELECT  "users".* FROM "users" WHERE "users"."id" = $1 ORDER BY "users"."id" ASC LIMIT $2[0m  [["id", 1], ["LIMIT", 1]]
  Rendering locations/index.html.erb within layouts/application
  [1m[36mLocation Load (0.3ms)[0m  [1m[34mSELECT "locations".* FROM "locations"[0m
  Rendered locations/index.html.erb within layouts/application (2.3ms)
  Rendered layouts/_header.html.erb (0.7ms)
Completed 200 OK in 24ms (Views: 20.1ms | ActiveRecord: 0.7ms)


Started GET "/?q=me" for ::1 at 2017-03-29 16:19:26 -0500
Processing by LocationsController#index as HTML
  Parameters: {"q"=>"me"}
  [1m[36mUser Load (0.3ms)[0m  [1m[34mSELECT  "users".* FROM "users" WHERE "users"."id" = $1 ORDER BY "users"."id" ASC LIMIT $2[0m  [["id", 1], ["LIMIT", 1]]
  Rendering locations/index.html.erb within layouts/application
  [1m[36mLocation Load (0.3ms)[0m  [1m[34mSELECT "locations".* FROM "locations"[0m
  Rendered locations/index.html.erb within layouts/application (2.0ms)
  Rendered layouts/_header.html.erb (0.5ms)
Completed 200 OK in 22ms (Views: 18.8ms | ActiveRecord: 0.6ms)


Started GET "/?q=hoho" for ::1 at 2017-03-29 16:19:29 -0500
Processing by LocationsController#index as HTML
  Parameters: {"q"=>"hoho"}
  [1m[36mUser Load (0.3ms)[0m  [1m[34mSELECT  "users".* FROM "users" WHERE "users"."id" = $1 ORDER BY "users"."id" ASC LIMIT $2[0m  [["id", 1], ["LIMIT", 1]]
  Rendering locations/index.html.erb within layouts/application
  [1m[36mLocation Load (0.3ms)[0m  [1m[34mSELECT "locations".* FROM "locations"[0m
  Rendered locations/index.html.erb within layouts/application (2.2ms)
  Rendered layouts/_header.html.erb (0.6ms)
Completed 200 OK in 24ms (Views: 20.7ms | ActiveRecord: 0.6ms)


Started GET "/locations/1" for ::1 at 2017-03-29 16:25:24 -0500
Processing by LocationsController#show as HTML
  Parameters: {"id"=>"1"}
  [1m[36mUser Load (0.4ms)[0m  [1m[34mSELECT  "users".* FROM "users" WHERE "users"."id" = $1 ORDER BY "users"."id" ASC LIMIT $2[0m  [["id", 1], ["LIMIT", 1]]
  [1m[36mLocation Load (0.2ms)[0m  [1m[34mSELECT  "locations".* FROM "locations" WHERE "locations"."id" = $1 LIMIT $2[0m  [["id", 1], ["LIMIT", 1]]
  Rendering locations/show.html.erb within layouts/application
  Rendered locations/_google_map.html.erb (0.4ms)
  Rendered locations/show.html.erb within layouts/application (2.7ms)
  Rendered layouts/_header.html.erb (0.7ms)
Completed 200 OK in 26ms (Views: 21.6ms | ActiveRecord: 0.6ms)


Started GET "/locations/1" for ::1 at 2017-03-29 16:28:46 -0500
Processing by LocationsController#show as HTML
  Parameters: {"id"=>"1"}
  [1m[36mUser Load (0.6ms)[0m  [1m[34mSELECT  "users".* FROM "users" WHERE "users"."id" = $1 ORDER BY "users"."id" ASC LIMIT $2[0m  [["id", 1], ["LIMIT", 1]]
  [1m[36mLocation Load (0.2ms)[0m  [1m[34mSELECT  "locations".* FROM "locations" WHERE "locations"."id" = $1 LIMIT $2[0m  [["id", 1], ["LIMIT", 1]]
  Rendering locations/show.html.erb within layouts/application
  Rendered locations/_google_map.html.erb (0.3ms)
  Rendered locations/show.html.erb within layouts/application (2.4ms)
  Rendered layouts/_header.html.erb (0.6ms)
Completed 200 OK in 25ms (Views: 20.1ms | ActiveRecord: 0.8ms)


Started GET "/locations/1" for ::1 at 2017-03-29 16:31:09 -0500
  [1m[36mActiveRecord::SchemaMigration Load (1.3ms)[0m  [1m[34mSELECT "schema_migrations".* FROM "schema_migrations"[0m
Processing by LocationsController#show as HTML
  Parameters: {"id"=>"1"}
  [1m[36mUser Load (1.1ms)[0m  [1m[34mSELECT  "users".* FROM "users" WHERE "users"."id" = $1 ORDER BY "users"."id" ASC LIMIT $2[0m  [["id", 1], ["LIMIT", 1]]
  [1m[36mLocation Load (0.4ms)[0m  [1m[34mSELECT  "locations".* FROM "locations" WHERE "locations"."id" = $1 LIMIT $2[0m  [["id", 1], ["LIMIT", 1]]
  Rendering locations/show.html.erb within layouts/application
  Rendered locations/_google_map.html.erb (0.7ms)
  Rendered locations/show.html.erb within layouts/application (8.6ms)
  Rendered layouts/_header.html.erb (0.6ms)
Completed 200 OK in 285ms (Views: 228.5ms | ActiveRecord: 8.5ms)


Started GET "/locations/1" for ::1 at 2017-03-29 16:31:12 -0500
Processing by LocationsController#show as HTML
  Parameters: {"id"=>"1"}
  [1m[36mUser Load (0.4ms)[0m  [1m[34mSELECT  "users".* FROM "users" WHERE "users"."id" = $1 ORDER BY "users"."id" ASC LIMIT $2[0m  [["id", 1], ["LIMIT", 1]]
  [1m[36mLocation Load (0.2ms)[0m  [1m[34mSELECT  "locations".* FROM "locations" WHERE "locations"."id" = $1 LIMIT $2[0m  [["id", 1], ["LIMIT", 1]]
  Rendering locations/show.html.erb within layouts/application
  Rendered locations/_google_map.html.erb (0.3ms)
  Rendered locations/show.html.erb within layouts/application (2.2ms)
  Rendered layouts/_header.html.erb (0.7ms)
Completed 200 OK in 24ms (Views: 19.7ms | ActiveRecord: 0.6ms)


Started GET "/locations/1" for ::1 at 2017-03-29 16:31:15 -0500
Processing by LocationsController#show as HTML
  Parameters: {"id"=>"1"}
  [1m[36mUser Load (0.3ms)[0m  [1m[34mSELECT  "users".* FROM "users" WHERE "users"."id" = $1 ORDER BY "users"."id" ASC LIMIT $2[0m  [["id", 1], ["LIMIT", 1]]
  [1m[36mLocation Load (0.2ms)[0m  [1m[34mSELECT  "locations".* FROM "locations" WHERE "locations"."id" = $1 LIMIT $2[0m  [["id", 1], ["LIMIT", 1]]
  Rendering locations/show.html.erb within layouts/application
  Rendered locations/_google_map.html.erb (0.6ms)
  Rendered locations/show.html.erb within layouts/application (4.3ms)
  Rendered layouts/_header.html.erb (0.6ms)
Completed 200 OK in 31ms (Views: 28.0ms | ActiveRecord: 0.5ms)


Started GET "/locations/1" for ::1 at 2017-03-29 16:31:17 -0500
Processing by LocationsController#show as HTML
  Parameters: {"id"=>"1"}
  [1m[36mUser Load (0.3ms)[0m  [1m[34mSELECT  "users".* FROM "users" WHERE "users"."id" = $1 ORDER BY "users"."id" ASC LIMIT $2[0m  [["id", 1], ["LIMIT", 1]]
  [1m[36mLocation Load (0.2ms)[0m  [1m[34mSELECT  "locations".* FROM "locations" WHERE "locations"."id" = $1 LIMIT $2[0m  [["id", 1], ["LIMIT", 1]]
  Rendering locations/show.html.erb within layouts/application
  Rendered locations/_google_map.html.erb (0.5ms)
  Rendered locations/show.html.erb within layouts/application (2.9ms)
  Rendered layouts/_header.html.erb (1.1ms)
Completed 200 OK in 33ms (Views: 29.0ms | ActiveRecord: 0.5ms)


Started GET "/locations" for ::1 at 2017-03-29 16:31:27 -0500
Processing by LocationsController#index as HTML
  [1m[36mUser Load (0.3ms)[0m  [1m[34mSELECT  "users".* FROM "users" WHERE "users"."id" = $1 ORDER BY "users"."id" ASC LIMIT $2[0m  [["id", 1], ["LIMIT", 1]]
  Rendering locations/index.html.erb within layouts/application
  [1m[36mLocation Load (0.3ms)[0m  [1m[34mSELECT "locations".* FROM "locations"[0m
  Rendered locations/index.html.erb within layouts/application (2.4ms)
  Rendered layouts/_header.html.erb (1.3ms)
Completed 200 OK in 25ms (Views: 21.4ms | ActiveRecord: 0.6ms)


Started GET "/locations/2" for ::1 at 2017-03-29 16:31:29 -0500
Processing by LocationsController#show as HTML
  Parameters: {"id"=>"2"}
  [1m[36mUser Load (0.7ms)[0m  [1m[34mSELECT  "users".* FROM "users" WHERE "users"."id" = $1 ORDER BY "users"."id" ASC LIMIT $2[0m  [["id", 1], ["LIMIT", 1]]
  [1m[36mLocation Load (0.2ms)[0m  [1m[34mSELECT  "locations".* FROM "locations" WHERE "locations"."id" = $1 LIMIT $2[0m  [["id", 2], ["LIMIT", 1]]
  Rendering locations/show.html.erb within layouts/application
  Rendered locations/_google_map.html.erb (0.3ms)
  Rendered locations/show.html.erb within layouts/application (2.2ms)
  Rendered layouts/_header.html.erb (0.9ms)
Completed 200 OK in 25ms (Views: 20.6ms | ActiveRecord: 0.9ms)


Started GET "/locations" for ::1 at 2017-03-29 16:31:31 -0500
Processing by LocationsController#index as HTML
  [1m[36mUser Load (0.4ms)[0m  [1m[34mSELECT  "users".* FROM "users" WHERE "users"."id" = $1 ORDER BY "users"."id" ASC LIMIT $2[0m  [["id", 1], ["LIMIT", 1]]
  Rendering locations/index.html.erb within layouts/application
  [1m[36mLocation Load (0.3ms)[0m  [1m[34mSELECT "locations".* FROM "locations"[0m
  Rendered locations/index.html.erb within layouts/application (1.8ms)
  Rendered layouts/_header.html.erb (0.7ms)
Completed 200 OK in 23ms (Views: 19.3ms | ActiveRecord: 0.7ms)


Started GET "/locations/1" for ::1 at 2017-03-29 16:34:02 -0500
Processing by LocationsController#show as HTML
  Parameters: {"id"=>"1"}
  [1m[36mUser Load (0.4ms)[0m  [1m[34mSELECT  "users".* FROM "users" WHERE "users"."id" = $1 ORDER BY "users"."id" ASC LIMIT $2[0m  [["id", 1], ["LIMIT", 1]]
  [1m[36mLocation Load (0.2ms)[0m  [1m[34mSELECT  "locations".* FROM "locations" WHERE "locations"."id" = $1 LIMIT $2[0m  [["id", 1], ["LIMIT", 1]]
  Rendering locations/show.html.erb within layouts/application
  Rendered locations/_google_map.html.erb (0.3ms)
  Rendered locations/show.html.erb within layouts/application (2.2ms)
  Rendered layouts/_header.html.erb (0.7ms)
Completed 200 OK in 25ms (Views: 20.8ms | ActiveRecord: 0.6ms)


Started GET "/locations/1/edit" for ::1 at 2017-03-29 16:34:10 -0500
Processing by LocationsController#edit as HTML
  Parameters: {"id"=>"1"}
  [1m[36mUser Load (0.3ms)[0m  [1m[34mSELECT  "users".* FROM "users" WHERE "users"."id" = $1 ORDER BY "users"."id" ASC LIMIT $2[0m  [["id", 1], ["LIMIT", 1]]
  [1m[36mLocation Load (0.1ms)[0m  [1m[34mSELECT  "locations".* FROM "locations" WHERE "locations"."id" = $1 LIMIT $2[0m  [["id", 1], ["LIMIT", 1]]
  Rendering locations/edit.html.erb within layouts/application
  Rendered locations/_form.html.erb (19.6ms)
  Rendered locations/edit.html.erb within layouts/application (22.4ms)
  Rendered layouts/_header.html.erb (0.6ms)
Completed 200 OK in 44ms (Views: 40.7ms | ActiveRecord: 0.4ms)


Started GET "/locations" for ::1 at 2017-03-29 16:34:12 -0500
Processing by LocationsController#index as HTML
  [1m[36mUser Load (0.3ms)[0m  [1m[34mSELECT  "users".* FROM "users" WHERE "users"."id" = $1 ORDER BY "users"."id" ASC LIMIT $2[0m  [["id", 1], ["LIMIT", 1]]
  Rendering locations/index.html.erb within layouts/application
  [1m[36mLocation Load (0.3ms)[0m  [1m[34mSELECT "locations".* FROM "locations"[0m
  Rendered locations/index.html.erb within layouts/application (2.3ms)
  Rendered layouts/_header.html.erb (0.7ms)
Completed 200 OK in 26ms (Views: 23.1ms | ActiveRecord: 0.6ms)


Started GET "/locations/2" for ::1 at 2017-03-29 16:34:14 -0500
Processing by LocationsController#show as HTML
  Parameters: {"id"=>"2"}
  [1m[36mUser Load (0.4ms)[0m  [1m[34mSELECT  "users".* FROM "users" WHERE "users"."id" = $1 ORDER BY "users"."id" ASC LIMIT $2[0m  [["id", 1], ["LIMIT", 1]]
  [1m[36mLocation Load (0.1ms)[0m  [1m[34mSELECT  "locations".* FROM "locations" WHERE "locations"."id" = $1 LIMIT $2[0m  [["id", 2], ["LIMIT", 1]]
  Rendering locations/show.html.erb within layouts/application
  Rendered locations/_google_map.html.erb (0.5ms)
  Rendered locations/show.html.erb within layouts/application (3.0ms)
  Rendered layouts/_header.html.erb (0.7ms)
Completed 200 OK in 26ms (Views: 22.2ms | ActiveRecord: 0.5ms)


Started GET "/locations/2" for ::1 at 2017-03-29 16:35:16 -0500
  [1m[36mActiveRecord::SchemaMigration Load (0.5ms)[0m  [1m[34mSELECT "schema_migrations".* FROM "schema_migrations"[0m
Processing by LocationsController#show as HTML
  Parameters: {"id"=>"2"}
  [1m[36mUser Load (0.9ms)[0m  [1m[34mSELECT  "users".* FROM "users" WHERE "users"."id" = $1 ORDER BY "users"."id" ASC LIMIT $2[0m  [["id", 1], ["LIMIT", 1]]
  [1m[36mLocation Load (0.3ms)[0m  [1m[34mSELECT  "locations".* FROM "locations" WHERE "locations"."id" = $1 LIMIT $2[0m  [["id", 2], ["LIMIT", 1]]
  Rendering locations/show.html.erb within layouts/application
  Rendered locations/_google_map.html.erb (0.6ms)
  Rendered locations/show.html.erb within layouts/application (6.3ms)
  Rendered layouts/_header.html.erb (0.6ms)
Completed 200 OK in 270ms (Views: 216.8ms | ActiveRecord: 7.3ms)


Started GET "/locations/2" for ::1 at 2017-03-29 16:35:17 -0500
Processing by LocationsController#show as HTML
  Parameters: {"id"=>"2"}
  [1m[36mUser Load (0.4ms)[0m  [1m[34mSELECT  "users".* FROM "users" WHERE "users"."id" = $1 ORDER BY "users"."id" ASC LIMIT $2[0m  [["id", 1], ["LIMIT", 1]]
  [1m[36mLocation Load (0.2ms)[0m  [1m[34mSELECT  "locations".* FROM "locations" WHERE "locations"."id" = $1 LIMIT $2[0m  [["id", 2], ["LIMIT", 1]]
  Rendering locations/show.html.erb within layouts/application
  Rendered locations/_google_map.html.erb (0.3ms)
  Rendered locations/show.html.erb within layouts/application (2.7ms)
  Rendered layouts/_header.html.erb (1.0ms)
Completed 200 OK in 25ms (Views: 21.4ms | ActiveRecord: 0.6ms)


Started GET "/locations/2" for ::1 at 2017-03-29 16:35:18 -0500
Processing by LocationsController#show as HTML
  Parameters: {"id"=>"2"}
  [1m[36mUser Load (0.4ms)[0m  [1m[34mSELECT  "users".* FROM "users" WHERE "users"."id" = $1 ORDER BY "users"."id" ASC LIMIT $2[0m  [["id", 1], ["LIMIT", 1]]
  [1m[36mLocation Load (0.2ms)[0m  [1m[34mSELECT  "locations".* FROM "locations" WHERE "locations"."id" = $1 LIMIT $2[0m  [["id", 2], ["LIMIT", 1]]
  Rendering locations/show.html.erb within layouts/application
  Rendered locations/_google_map.html.erb (0.5ms)
  Rendered locations/show.html.erb within layouts/application (3.5ms)
  Rendered layouts/_header.html.erb (0.6ms)
Completed 200 OK in 29ms (Views: 25.0ms | ActiveRecord: 0.6ms)


Started GET "/locations/2" for ::1 at 2017-03-29 16:35:18 -0500
Processing by LocationsController#show as HTML
  Parameters: {"id"=>"2"}
  [1m[36mUser Load (0.3ms)[0m  [1m[34mSELECT  "users".* FROM "users" WHERE "users"."id" = $1 ORDER BY "users"."id" ASC LIMIT $2[0m  [["id", 1], ["LIMIT", 1]]
  [1m[36mLocation Load (0.2ms)[0m  [1m[34mSELECT  "locations".* FROM "locations" WHERE "locations"."id" = $1 LIMIT $2[0m  [["id", 2], ["LIMIT", 1]]
  Rendering locations/show.html.erb within layouts/application
  Rendered locations/_google_map.html.erb (0.8ms)
  Rendered locations/show.html.erb within layouts/application (3.9ms)
  Rendered layouts/_header.html.erb (0.6ms)
Completed 200 OK in 28ms (Views: 24.4ms | ActiveRecord: 0.5ms)


Started GET "/locations/2" for ::1 at 2017-03-29 16:35:19 -0500
Processing by LocationsController#show as HTML
  Parameters: {"id"=>"2"}
  [1m[36mUser Load (0.4ms)[0m  [1m[34mSELECT  "users".* FROM "users" WHERE "users"."id" = $1 ORDER BY "users"."id" ASC LIMIT $2[0m  [["id", 1], ["LIMIT", 1]]
  [1m[36mLocation Load (0.2ms)[0m  [1m[34mSELECT  "locations".* FROM "locations" WHERE "locations"."id" = $1 LIMIT $2[0m  [["id", 2], ["LIMIT", 1]]
  Rendering locations/show.html.erb within layouts/application
  Rendered locations/_google_map.html.erb (1.0ms)
  Rendered locations/show.html.erb within layouts/application (3.6ms)
  Rendered layouts/_header.html.erb (0.7ms)
Completed 200 OK in 30ms (Views: 25.7ms | ActiveRecord: 0.6ms)


Started GET "/locations/2" for ::1 at 2017-03-29 16:35:19 -0500
Processing by LocationsController#show as HTML
  Parameters: {"id"=>"2"}
  [1m[36mUser Load (0.4ms)[0m  [1m[34mSELECT  "users".* FROM "users" WHERE "users"."id" = $1 ORDER BY "users"."id" ASC LIMIT $2[0m  [["id", 1], ["LIMIT", 1]]
  [1m[36mLocation Load (0.3ms)[0m  [1m[34mSELECT  "locations".* FROM "locations" WHERE "locations"."id" = $1 LIMIT $2[0m  [["id", 2], ["LIMIT", 1]]
  Rendering locations/show.html.erb within layouts/application
  Rendered locations/_google_map.html.erb (0.3ms)
  Rendered locations/show.html.erb within layouts/application (2.4ms)
  Rendered layouts/_header.html.erb (0.7ms)
Completed 200 OK in 29ms (Views: 25.0ms | ActiveRecord: 0.7ms)


Started GET "/locations/2" for ::1 at 2017-03-29 16:35:19 -0500
Processing by LocationsController#show as HTML
  Parameters: {"id"=>"2"}
  [1m[36mUser Load (0.7ms)[0m  [1m[34mSELECT  "users".* FROM "users" WHERE "users"."id" = $1 ORDER BY "users"."id" ASC LIMIT $2[0m  [["id", 1], ["LIMIT", 1]]
  [1m[36mLocation Load (0.6ms)[0m  [1m[34mSELECT  "locations".* FROM "locations" WHERE "locations"."id" = $1 LIMIT $2[0m  [["id", 2], ["LIMIT", 1]]
  Rendering locations/show.html.erb within layouts/application
  Rendered locations/_google_map.html.erb (0.2ms)
  Rendered locations/show.html.erb within layouts/application (2.3ms)
  Rendered layouts/_header.html.erb (0.7ms)
Completed 200 OK in 30ms (Views: 23.4ms | ActiveRecord: 1.2ms)


Started GET "/locations/" for ::1 at 2017-03-29 16:35:22 -0500
Processing by LocationsController#index as HTML
  [1m[36mUser Load (0.3ms)[0m  [1m[34mSELECT  "users".* FROM "users" WHERE "users"."id" = $1 ORDER BY "users"."id" ASC LIMIT $2[0m  [["id", 1], ["LIMIT", 1]]
  Rendering locations/index.html.erb within layouts/application
  [1m[36mLocation Load (0.4ms)[0m  [1m[34mSELECT "locations".* FROM "locations"[0m
  Rendered locations/index.html.erb within layouts/application (2.7ms)
  Rendered layouts/_header.html.erb (0.8ms)
Completed 200 OK in 24ms (Views: 20.6ms | ActiveRecord: 0.7ms)


Started GET "/locations/1" for ::1 at 2017-03-29 16:35:24 -0500
Processing by LocationsController#show as HTML
  Parameters: {"id"=>"1"}
  [1m[36mUser Load (0.3ms)[0m  [1m[34mSELECT  "users".* FROM "users" WHERE "users"."id" = $1 ORDER BY "users"."id" ASC LIMIT $2[0m  [["id", 1], ["LIMIT", 1]]
  [1m[36mLocation Load (0.1ms)[0m  [1m[34mSELECT  "locations".* FROM "locations" WHERE "locations"."id" = $1 LIMIT $2[0m  [["id", 1], ["LIMIT", 1]]
  Rendering locations/show.html.erb within layouts/application
  Rendered locations/_google_map.html.erb (0.4ms)
  Rendered locations/show.html.erb within layouts/application (2.6ms)
  Rendered layouts/_header.html.erb (0.9ms)
Completed 200 OK in 30ms (Views: 26.5ms | ActiveRecord: 0.4ms)


Started GET "/locations/1" for ::1 at 2017-03-29 16:40:02 -0500
Processing by LocationsController#show as HTML
  Parameters: {"id"=>"1"}
  [1m[36mUser Load (0.4ms)[0m  [1m[34mSELECT  "users".* FROM "users" WHERE "users"."id" = $1 ORDER BY "users"."id" ASC LIMIT $2[0m  [["id", 1], ["LIMIT", 1]]
  [1m[36mLocation Load (0.3ms)[0m  [1m[34mSELECT  "locations".* FROM "locations" WHERE "locations"."id" = $1 LIMIT $2[0m  [["id", 1], ["LIMIT", 1]]
  Rendering locations/show.html.erb within layouts/application
  Rendered locations/_google_map.html.erb (0.4ms)
  Rendered locations/show.html.erb within layouts/application (3.0ms)
  Rendered layouts/_header.html.erb (0.6ms)
Completed 200 OK in 26ms (Views: 21.9ms | ActiveRecord: 0.6ms)


Started GET "/locations/1" for ::1 at 2017-03-29 16:40:53 -0500
  [1m[36mActiveRecord::SchemaMigration Load (0.6ms)[0m  [1m[34mSELECT "schema_migrations".* FROM "schema_migrations"[0m
Processing by LocationsController#show as HTML
  Parameters: {"id"=>"1"}
  [1m[36mUser Load (1.2ms)[0m  [1m[34mSELECT  "users".* FROM "users" WHERE "users"."id" = $1 ORDER BY "users"."id" ASC LIMIT $2[0m  [["id", 1], ["LIMIT", 1]]
  [1m[36mLocation Load (0.3ms)[0m  [1m[34mSELECT  "locations".* FROM "locations" WHERE "locations"."id" = $1 LIMIT $2[0m  [["id", 1], ["LIMIT", 1]]
  Rendering locations/show.html.erb within layouts/application
  Rendered locations/_google_map.html.erb (0.3ms)
  Rendered locations/show.html.erb within layouts/application (5.8ms)
  Rendered layouts/_header.html.erb (0.8ms)
Completed 200 OK in 282ms (Views: 229.1ms | ActiveRecord: 7.1ms)


  [1m[36mLocation Load (0.5ms)[0m  [1m[34mSELECT "locations".* FROM "locations"[0m
Started GET "/locations" for ::1 at 2017-03-29 16:49:16 -0500
Processing by LocationsController#index as HTML
  [1m[36mUser Load (0.3ms)[0m  [1m[34mSELECT  "users".* FROM "users" WHERE "users"."id" = $1 ORDER BY "users"."id" ASC LIMIT $2[0m  [["id", 1], ["LIMIT", 1]]
  Rendering locations/index.html.erb within layouts/application
  [1m[36mLocation Load (0.3ms)[0m  [1m[34mSELECT "locations".* FROM "locations"[0m
  Rendered locations/index.html.erb within layouts/application (9.6ms)
  Rendered layouts/_header.html.erb (0.7ms)
Completed 200 OK in 50ms (Views: 25.9ms | ActiveRecord: 5.1ms)


Started GET "/locations/new" for ::1 at 2017-03-29 16:49:17 -0500
Processing by LocationsController#new as HTML
  [1m[36mUser Load (0.3ms)[0m  [1m[34mSELECT  "users".* FROM "users" WHERE "users"."id" = $1 ORDER BY "users"."id" ASC LIMIT $2[0m  [["id", 1], ["LIMIT", 1]]
  Rendering locations/new.html.erb within layouts/application
  Rendered locations/_form.html.erb (17.8ms)
  Rendered locations/new.html.erb within layouts/application (20.0ms)
  Rendered layouts/_header.html.erb (0.6ms)
Completed 200 OK in 42ms (Views: 38.4ms | ActiveRecord: 0.3ms)


Started POST "/locations" for ::1 at 2017-03-29 16:49:36 -0500
Processing by LocationsController#create as HTML
  Parameters: {"utf8"=>"✓", "authenticity_token"=>"mqt9FE/8Eh9usxCCCseGjv1lpLAadWdY0EwoeTomLoQ71mxHdtndeY0CXz+MhXv8Q4ZQUWXJLc5D6jGGjTqecA==", "location"=>{"title"=>"cp", "address"=>"444 n wabash st", "description"=>"our home"}, "commit"=>"Create Location"}
  [1m[36mUser Load (0.7ms)[0m  [1m[34mSELECT  "users".* FROM "users" WHERE "users"."id" = $1 ORDER BY "users"."id" ASC LIMIT $2[0m  [["id", 1], ["LIMIT", 1]]
  [1m[35m (0.2ms)[0m  [1m[35mBEGIN[0m
  [1m[35mSQL (0.8ms)[0m  [1m[32mINSERT INTO "locations" ("title", "description", "address", "created_at", "updated_at", "latitude", "longitude") VALUES ($1, $2, $3, $4, $5, $6, $7) RETURNING "id"[0m  [["title", "cp"], ["description", "our home"], ["address", "444 n wabash st"], ["created_at", 2017-03-29 21:50:24 UTC], ["updated_at", 2017-03-29 21:50:24 UTC], ["latitude", 40.077728], ["longitude", -80.734014]]
  [1m[35m (6.5ms)[0m  [1m[35mCOMMIT[0m
  [1m[35m (0.2ms)[0m  [1m[35mBEGIN[0m
  [1m[35m (0.2ms)[0m  [1m[35mCOMMIT[0m
Redirected to http://localhost:3000/locations/3
Completed 302 Found in 63238ms (ActiveRecord: 8.5ms)


Started GET "/locations/3" for ::1 at 2017-03-29 16:50:40 -0500
Processing by LocationsController#show as HTML
  Parameters: {"id"=>"3"}
  [1m[36mUser Load (0.4ms)[0m  [1m[34mSELECT  "users".* FROM "users" WHERE "users"."id" = $1 ORDER BY "users"."id" ASC LIMIT $2[0m  [["id", 1], ["LIMIT", 1]]
  [1m[36mLocation Load (0.2ms)[0m  [1m[34mSELECT  "locations".* FROM "locations" WHERE "locations"."id" = $1 LIMIT $2[0m  [["id", 3], ["LIMIT", 1]]
  Rendering locations/show.html.erb within layouts/application
  Rendered locations/_google_map.html.erb (0.5ms)
  Rendered locations/show.html.erb within layouts/application (2.8ms)
  Rendered layouts/_header.html.erb (0.8ms)
Completed 200 OK in 27ms (Views: 22.7ms | ActiveRecord: 0.5ms)


  [1m[36mLocation Load (0.5ms)[0m  [1m[34mSELECT "locations".* FROM "locations"[0m
Started GET "/locations" for ::1 at 2017-03-29 16:52:00 -0500
Processing by LocationsController#index as HTML
  [1m[36mUser Load (0.4ms)[0m  [1m[34mSELECT  "users".* FROM "users" WHERE "users"."id" = $1 ORDER BY "users"."id" ASC LIMIT $2[0m  [["id", 1], ["LIMIT", 1]]
  Rendering locations/index.html.erb within layouts/application
  [1m[36mLocation Load (0.3ms)[0m  [1m[34mSELECT "locations".* FROM "locations"[0m
  Rendered locations/index.html.erb within layouts/application (2.2ms)
  Rendered layouts/_header.html.erb (0.6ms)
Completed 200 OK in 26ms (Views: 22.0ms | ActiveRecord: 0.7ms)


Started GET "/locations/new" for ::1 at 2017-03-29 16:52:01 -0500
Processing by LocationsController#new as HTML
  [1m[36mUser Load (0.4ms)[0m  [1m[34mSELECT  "users".* FROM "users" WHERE "users"."id" = $1 ORDER BY "users"."id" ASC LIMIT $2[0m  [["id", 1], ["LIMIT", 1]]
  Rendering locations/new.html.erb within layouts/application
  Rendered locations/_form.html.erb (2.6ms)
  Rendered locations/new.html.erb within layouts/application (4.2ms)
  Rendered layouts/_header.html.erb (0.6ms)
Completed 200 OK in 27ms (Views: 23.2ms | ActiveRecord: 0.4ms)


Started POST "/locations" for ::1 at 2017-03-29 16:52:18 -0500
Processing by LocationsController#create as HTML
  Parameters: {"utf8"=>"✓", "authenticity_token"=>"uQjQvS7ek1yDFHUJx0kzBcAmJijUvKyG7FmJM2u99mAYdcHuF/tcOmClOrRBC853fsXSyasA5hB//5DM3KFGlA==", "location"=>{"title"=>"argylr", "address"=>"tank noodle", "description"=>"yum!"}, "commit"=>"Create Location"}
  [1m[36mUser Load (0.7ms)[0m  [1m[34mSELECT  "users".* FROM "users" WHERE "users"."id" = $1 ORDER BY "users"."id" ASC LIMIT $2[0m  [["id", 1], ["LIMIT", 1]]
  [1m[35m (0.2ms)[0m  [1m[35mBEGIN[0m
  [1m[35mSQL (0.4ms)[0m  [1m[32mINSERT INTO "locations" ("title", "description", "address", "created_at", "updated_at", "latitude", "longitude") VALUES ($1, $2, $3, $4, $5, $6, $7) RETURNING "id"[0m  [["title", "argylr"], ["description", "yum!"], ["address", "tank noodle"], ["created_at", 2017-03-29 21:52:24 UTC], ["updated_at", 2017-03-29 21:52:24 UTC], ["latitude", 41.973113], ["longitude", -87.65949]]
  [1m[35m (6.4ms)[0m  [1m[35mCOMMIT[0m
Redirected to http://localhost:3000/locations/4
Completed 302 Found in 6220ms (ActiveRecord: 7.6ms)


Started GET "/locations/4" for ::1 at 2017-03-29 16:52:24 -0500
Processing by LocationsController#show as HTML
  Parameters: {"id"=>"4"}
  [1m[36mUser Load (0.4ms)[0m  [1m[34mSELECT  "users".* FROM "users" WHERE "users"."id" = $1 ORDER BY "users"."id" ASC LIMIT $2[0m  [["id", 1], ["LIMIT", 1]]
  [1m[36mLocation Load (0.2ms)[0m  [1m[34mSELECT  "locations".* FROM "locations" WHERE "locations"."id" = $1 LIMIT $2[0m  [["id", 4], ["LIMIT", 1]]
  Rendering locations/show.html.erb within layouts/application
  Rendered locations/_google_map.html.erb (0.3ms)
  Rendered locations/show.html.erb within layouts/application (2.2ms)
  Rendered layouts/_header.html.erb (0.6ms)
Completed 200 OK in 25ms (Views: 21.2ms | ActiveRecord: 0.5ms)


Started GET "/locations" for ::1 at 2017-03-29 16:53:52 -0500
Processing by LocationsController#index as HTML
  [1m[36mUser Load (0.4ms)[0m  [1m[34mSELECT  "users".* FROM "users" WHERE "users"."id" = $1 ORDER BY "users"."id" ASC LIMIT $2[0m  [["id", 1], ["LIMIT", 1]]
  Rendering locations/index.html.erb within layouts/application
  [1m[36mLocation Load (0.3ms)[0m  [1m[34mSELECT "locations".* FROM "locations"[0m
  Rendered locations/index.html.erb within layouts/application (11.9ms)
  Rendered layouts/_header.html.erb (0.7ms)
Completed 200 OK in 55ms (Views: 27.4ms | ActiveRecord: 6.8ms)


Started GET "/locations/new" for ::1 at 2017-03-29 16:53:54 -0500
Processing by LocationsController#new as HTML
  [1m[36mUser Load (0.4ms)[0m  [1m[34mSELECT  "users".* FROM "users" WHERE "users"."id" = $1 ORDER BY "users"."id" ASC LIMIT $2[0m  [["id", 1], ["LIMIT", 1]]
  Rendering locations/new.html.erb within layouts/application
  Rendered locations/_form.html.erb (2.4ms)
  Rendered locations/new.html.erb within layouts/application (4.2ms)
  Rendered layouts/_header.html.erb (0.7ms)
Completed 200 OK in 27ms (Views: 24.1ms | ActiveRecord: 0.4ms)


Started POST "/locations" for ::1 at 2017-03-29 16:54:07 -0500
Processing by LocationsController#create as HTML
  Parameters: {"utf8"=>"✓", "authenticity_token"=>"D41fmmtlVH0wfNDFQnDBwXx6kwmDwq3K9ChiDiHjDF2u8E7JUkCbG9PNn3jEMjyzwpln6Px+51xnjnvxlv+8qQ==", "location"=>{"title"=>"google_map_form change", "address"=>"431 S Dearborn St, apt 604", "description"=>"ome"}, "commit"=>"Create Location"}
  [1m[36mUser Load (0.3ms)[0m  [1m[34mSELECT  "users".* FROM "users" WHERE "users"."id" = $1 ORDER BY "users"."id" ASC LIMIT $2[0m  [["id", 1], ["LIMIT", 1]]
  [1m[35m (0.1ms)[0m  [1m[35mBEGIN[0m
  [1m[35mSQL (0.4ms)[0m  [1m[32mINSERT INTO "locations" ("title", "description", "address", "created_at", "updated_at", "latitude", "longitude") VALUES ($1, $2, $3, $4, $5, $6, $7) RETURNING "id"[0m  [["title", "google_map_form change"], ["description", "ome"], ["address", "431 S Dearborn St, apt 604"], ["created_at", 2017-03-29 21:54:08 UTC], ["updated_at", 2017-03-29 21:54:08 UTC], ["latitude", 41.8760729], ["longitude", -87.6289236]]
  [1m[35m (6.4ms)[0m  [1m[35mCOMMIT[0m
Redirected to http://localhost:3000/locations/5
Completed 302 Found in 676ms (ActiveRecord: 7.2ms)


Started GET "/locations/5" for ::1 at 2017-03-29 16:54:08 -0500
Processing by LocationsController#show as HTML
  Parameters: {"id"=>"5"}
  [1m[36mUser Load (0.3ms)[0m  [1m[34mSELECT  "users".* FROM "users" WHERE "users"."id" = $1 ORDER BY "users"."id" ASC LIMIT $2[0m  [["id", 1], ["LIMIT", 1]]
  [1m[36mLocation Load (0.2ms)[0m  [1m[34mSELECT  "locations".* FROM "locations" WHERE "locations"."id" = $1 LIMIT $2[0m  [["id", 5], ["LIMIT", 1]]
  Rendering locations/show.html.erb within layouts/application
  Rendered locations/_google_map.html.erb (0.3ms)
  Rendered locations/show.html.erb within layouts/application (2.3ms)
  Rendered layouts/_header.html.erb (0.6ms)
Completed 200 OK in 23ms (Views: 19.8ms | ActiveRecord: 0.5ms)


Started GET "/locations/5/edit" for ::1 at 2017-03-29 16:55:03 -0500
Processing by LocationsController#edit as HTML
  Parameters: {"id"=>"5"}
  [1m[36mUser Load (0.4ms)[0m  [1m[34mSELECT  "users".* FROM "users" WHERE "users"."id" = $1 ORDER BY "users"."id" ASC LIMIT $2[0m  [["id", 1], ["LIMIT", 1]]
  [1m[36mLocation Load (0.2ms)[0m  [1m[34mSELECT  "locations".* FROM "locations" WHERE "locations"."id" = $1 LIMIT $2[0m  [["id", 5], ["LIMIT", 1]]
  Rendering locations/edit.html.erb within layouts/application
  Rendered locations/_form.html.erb (2.8ms)
  Rendered locations/edit.html.erb within layouts/application (4.6ms)
  Rendered layouts/_header.html.erb (0.8ms)
Completed 200 OK in 31ms (Views: 26.3ms | ActiveRecord: 0.6ms)


Started PATCH "/locations/5" for ::1 at 2017-03-29 16:55:13 -0500
Processing by LocationsController#update as HTML
  Parameters: {"utf8"=>"✓", "authenticity_token"=>"kqnHgkkyAwIdtEGk/cYorf6/ZlDmvPEFT70oo3dlOIoz1NbRcBfMZP4FDhl7hNXfQFySsZkAu5PcGzFcwHmIfg==", "location"=>{"title"=>"google_map_form change", "address"=>"woodfield mall", "description"=>"ome"}, "commit"=>"Update Location", "id"=>"5"}
  [1m[36mUser Load (1.5ms)[0m  [1m[34mSELECT  "users".* FROM "users" WHERE "users"."id" = $1 ORDER BY "users"."id" ASC LIMIT $2[0m  [["id", 1], ["LIMIT", 1]]
  [1m[36mLocation Load (0.7ms)[0m  [1m[34mSELECT  "locations".* FROM "locations" WHERE "locations"."id" = $1 LIMIT $2[0m  [["id", 5], ["LIMIT", 1]]
  [1m[35m (0.4ms)[0m  [1m[35mBEGIN[0m
  [1m[35mSQL (0.8ms)[0m  [1m[33mUPDATE "locations" SET "address" = $1, "latitude" = $2, "longitude" = $3, "updated_at" = $4 WHERE "locations"."id" = $5[0m  [["address", "woodfield mall"], ["latitude", 42.0464163], ["longitude", -88.03712519999999], ["updated_at", 2017-03-29 21:55:13 UTC], ["id", 5]]
  [1m[35m (0.6ms)[0m  [1m[35mCOMMIT[0m
Redirected to http://localhost:3000/locations/5
Completed 302 Found in 83ms (ActiveRecord: 4.0ms)


Started GET "/locations/5" for ::1 at 2017-03-29 16:55:13 -0500
Processing by LocationsController#show as HTML
  Parameters: {"id"=>"5"}
  [1m[36mUser Load (0.8ms)[0m  [1m[34mSELECT  "users".* FROM "users" WHERE "users"."id" = $1 ORDER BY "users"."id" ASC LIMIT $2[0m  [["id", 1], ["LIMIT", 1]]
  [1m[36mLocation Load (0.4ms)[0m  [1m[34mSELECT  "locations".* FROM "locations" WHERE "locations"."id" = $1 LIMIT $2[0m  [["id", 5], ["LIMIT", 1]]
  Rendering locations/show.html.erb within layouts/application
  Rendered locations/_google_map.html.erb (1.3ms)
  Rendered locations/show.html.erb within layouts/application (10.3ms)
  Rendered layouts/_header.html.erb (1.6ms)
Completed 200 OK in 74ms (Views: 63.8ms | ActiveRecord: 1.2ms)


Started GET "/locations/5/edit" for ::1 at 2017-03-29 16:55:28 -0500
Processing by LocationsController#edit as HTML
  Parameters: {"id"=>"5"}
  [1m[36mUser Load (0.8ms)[0m  [1m[34mSELECT  "users".* FROM "users" WHERE "users"."id" = $1 ORDER BY "users"."id" ASC LIMIT $2[0m  [["id", 1], ["LIMIT", 1]]
  [1m[36mLocation Load (0.5ms)[0m  [1m[34mSELECT  "locations".* FROM "locations" WHERE "locations"."id" = $1 LIMIT $2[0m  [["id", 5], ["LIMIT", 1]]
  Rendering locations/edit.html.erb within layouts/application
  Rendered locations/_form.html.erb (5.9ms)
  Rendered locations/edit.html.erb within layouts/application (10.5ms)
  Rendered layouts/_header.html.erb (1.6ms)
Completed 200 OK in 74ms (Views: 63.2ms | ActiveRecord: 1.3ms)


Started PATCH "/locations/5" for ::1 at 2017-03-29 16:55:29 -0500
Processing by LocationsController#update as HTML
  Parameters: {"utf8"=>"✓", "authenticity_token"=>"sTbcTzNt+GfxVHgJEDKgnP63TQs8dh4hPOFpTmGrSUAQS80cCkg3ARLlN7SWcF3uQFS56kPKVLevR3Cx1rf5tA==", "location"=>{"title"=>"google_map_form change", "address"=>"woodfield mall", "description"=>"ome"}, "commit"=>"Update Location", "id"=>"5"}
  [1m[36mUser Load (1.7ms)[0m  [1m[34mSELECT  "users".* FROM "users" WHERE "users"."id" = $1 ORDER BY "users"."id" ASC LIMIT $2[0m  [["id", 1], ["LIMIT", 1]]
  [1m[36mLocation Load (0.9ms)[0m  [1m[34mSELECT  "locations".* FROM "locations" WHERE "locations"."id" = $1 LIMIT $2[0m  [["id", 5], ["LIMIT", 1]]
  [1m[35m (0.4ms)[0m  [1m[35mBEGIN[0m
  [1m[35mSQL (0.8ms)[0m  [1m[33mUPDATE "locations" SET "longitude" = $1, "updated_at" = $2 WHERE "locations"."id" = $3[0m  [["longitude", -88.03712519999999], ["updated_at", 2017-03-29 21:55:29 UTC], ["id", 5]]
  [1m[35m (6.5ms)[0m  [1m[35mCOMMIT[0m
Redirected to http://localhost:3000/locations/5
Completed 302 Found in 103ms (ActiveRecord: 10.2ms)


Started GET "/locations/5" for ::1 at 2017-03-29 16:55:29 -0500
Processing by LocationsController#show as HTML
  Parameters: {"id"=>"5"}
  [1m[36mUser Load (0.9ms)[0m  [1m[34mSELECT  "users".* FROM "users" WHERE "users"."id" = $1 ORDER BY "users"."id" ASC LIMIT $2[0m  [["id", 1], ["LIMIT", 1]]
  [1m[36mLocation Load (0.7ms)[0m  [1m[34mSELECT  "locations".* FROM "locations" WHERE "locations"."id" = $1 LIMIT $2[0m  [["id", 5], ["LIMIT", 1]]
  Rendering locations/show.html.erb within layouts/application
  Rendered locations/_google_map.html.erb (0.9ms)
  Rendered locations/show.html.erb within layouts/application (6.2ms)
  Rendered layouts/_header.html.erb (2.2ms)
Completed 200 OK in 70ms (Views: 58.6ms | ActiveRecord: 1.6ms)


Started GET "/" for ::1 at 2017-03-29 19:38:56 -0500
Processing by LocationsController#index as HTML
  [1m[36mUser Load (0.4ms)[0m  [1m[34mSELECT  "users".* FROM "users" WHERE "users"."id" = $1 ORDER BY "users"."id" ASC LIMIT $2[0m  [["id", 1], ["LIMIT", 1]]
  Rendering locations/index.html.erb within layouts/application
  [1m[36mLocation Load (0.3ms)[0m  [1m[34mSELECT "locations".* FROM "locations"[0m
  Rendered locations/index.html.erb within layouts/application (2.6ms)
  Rendered layouts/_header.html.erb (0.7ms)
Completed 200 OK in 37ms (Views: 26.4ms | ActiveRecord: 0.7ms)


  [1m[35m (0.2ms)[0m  [1m[34mSELECT pg_try_advisory_lock(6842363107111561470);[0m
  [1m[36mActiveRecord::SchemaMigration Load (0.5ms)[0m  [1m[34mSELECT "schema_migrations".* FROM "schema_migrations"[0m
Migrating to CreateTextMessagers (20170330012156)
  [1m[35m (0.2ms)[0m  [1m[35mBEGIN[0m
  [1m[35m (10.0ms)[0m  [1m[35mCREATE TABLE "text_messagers" ("id" serial primary key, "created_at" timestamp NOT NULL, "updated_at" timestamp NOT NULL)[0m
  [1m[35mSQL (0.4ms)[0m  [1m[32mINSERT INTO "schema_migrations" ("version") VALUES ($1) RETURNING "version"[0m  [["version", "20170330012156"]]
  [1m[35m (0.8ms)[0m  [1m[35mCOMMIT[0m
  [1m[36mActiveRecord::InternalMetadata Load (0.4ms)[0m  [1m[34mSELECT  "ar_internal_metadata".* FROM "ar_internal_metadata" WHERE "ar_internal_metadata"."key" = $1 LIMIT $2[0m  [["key", :environment], ["LIMIT", 1]]
  [1m[35m (0.2ms)[0m  [1m[35mBEGIN[0m
  [1m[35m (0.1ms)[0m  [1m[35mCOMMIT[0m
  [1m[35m (0.2ms)[0m  [1m[34mSELECT pg_advisory_unlock(6842363107111561470)[0m
  [1m[36mActiveRecord::SchemaMigration Load (0.2ms)[0m  [1m[34mSELECT "schema_migrations".* FROM "schema_migrations"[0m
